<?xml version="1.0" encoding="UTF-8"?>
<!-- Generated by org.testng.reporters.JUnitReportReporter -->
<testsuite skipped="0" hostname="MAVCHN1121513" name="tests.Amazon_login_test" tests="3" failures="0" timestamp="2022-05-05T18:20:20 IST" time="86.166" errors="0">
  <testcase name="login_test" time="17.640" classname="tests.Amazon_login_test"/>
  <system-out/>
  <testcase name="login_test" time="39.047" classname="tests.Amazon_login_test"/>
  <system-out/>
  <testcase name="login_test" time="29.479" classname="tests.Amazon_login_test"/>
  <system-out/>
</testsuite> <!-- tests.Amazon_login_test -->
