<?xml version="1.0" encoding="UTF-8"?>
<!-- Generated by org.testng.reporters.JUnitReportReporter -->
<testsuite hostname="del1-lhp-n78163" failures="0" tests="5" name="tests.Amazon_test_1" time="0.016" errors="0" timestamp="2022-04-26T16:23:13 IST" skipped="0">
  <testcase classname="tests.Amazon_test_1" name="test4" time="0.001"/>
  <system-out/>
  <testcase classname="tests.Amazon_test_1" name="test1" time="0.001"/>
  <system-out/>
  <testcase classname="tests.Amazon_test_1" name="test3" time="0.001"/>
  <system-out/>
  <testcase classname="tests.Amazon_test_1" name="test" time="0.012"/>
  <system-out/>
  <testcase classname="tests.Amazon_test_1" name="test2" time="0.001"/>
  <system-out/>
</testsuite> <!-- tests.Amazon_test_1 -->
