<?xml version="1.0" encoding="UTF-8"?>
<!-- Generated by org.testng.reporters.JUnitReportReporter -->
<testsuite skipped="0" hostname="del1-lhp-n78163" name="tests.Amazon_test_1" tests="3" failures="0" timestamp="2022-04-26T12:50:19 IST" time="0.005" errors="0">
  <testcase name="test2" time="0.001" classname="tests.Amazon_test_1"/>
  <system-out/>
  <testcase name="test3" time="0.000" classname="tests.Amazon_test_1"/>
  <system-out/>
  <testcase name="test1" time="0.004" classname="tests.Amazon_test_1"/>
  <system-out/>
</testsuite> <!-- tests.Amazon_test_1 -->
