<?xml version="1.0" encoding="UTF-8"?>
<!-- Generated by org.testng.reporters.JUnitReportReporter -->
<testsuite hostname="del1-lhp-n78163" failures="0" tests="2" name="tests.Amazon_login_test" time="25.732" errors="0" timestamp="2022-04-28T17:53:45 IST" skipped="0">
  <testcase classname="tests.Amazon_login_test" name="login_test" time="13.907"/>
  <system-out/>
  <testcase classname="tests.Amazon_login_test" name="login_test" time="11.825"/>
  <system-out/>
</testsuite> <!-- tests.Amazon_login_test -->
