<?xml version="1.0" encoding="UTF-8"?>
<!-- Generated by org.testng.reporters.JUnitReportReporter -->
<testsuite hostname="del1-lhp-n78163" failures="0" tests="1" name="tests.Amazon_test_1" time="18.699" errors="0" timestamp="2022-04-27T11:03:25 IST" skipped="0">
  <testcase classname="tests.Amazon_test_1" name="amazon_HamePage_Title_Verification" time="18.699"/>
  <system-out/>
</testsuite> <!-- tests.Amazon_test_1 -->
